<?xml version="1.0" encoding="UTF-8"?>
<!-- Generated by org.testng.reporters.JUnitXMLReporter -->
<testsuite ignored="0" hostname="DESKTOP-BNIMVUJ" failures="0" tests="4" name="Default test" time="59.927" errors="0" timestamp="2021-03-12T22:49:00 IST">
  <testcase classname="com.Selenium.maintest.mainTest1" name="bookself" time="21.617"/>
  <testcase classname="com.Selenium.maintest.mainTest1" name="Collection" time="7.624"/>
  <testcase classname="com.Selenium.maintest.mainTest1" name="giftCard" time="19.569"/>
  <testcase classname="com.Selenium.maintest.mainTest1" name="highlyRecommendedStudyChair" time="10.577"/>
</testsuite> <!-- Default test -->
