<?xml version="1.0" encoding="UTF-8"?>
<!-- Generated by org.testng.reporters.JUnitXMLReporter -->
<testsuite ignored="0" hostname="DESKTOP-BNIMVUJ" failures="0" tests="4" name="Test" time="80.714" errors="0" timestamp="2021-03-17T02:18:20 IST">
  <testcase classname="com.Selenium.maintest.mainTest1" name="bookself" time="37.085"/>
  <testcase classname="com.Selenium.maintest.mainTest1" name="Collection" time="7.563"/>
  <testcase classname="com.Selenium.maintest.mainTest1" name="giftCard" time="21.042"/>
  <testcase classname="com.Selenium.maintest.mainTest1" name="highlyRecommendedStudyChair" time="14.627"/>
</testsuite> <!-- Test -->
